[2016-08-19 02:32:41] local.ERROR: exception 'PDOException' with message 'SQLSTATE[HY000] [1049] Unknown database 'shopcart'' in C:\xampp\htdocs\shopcart\trunk\vendor\laravel\framework\src\Illuminate\Database\Connectors\Connector.php:55
Stack trace:
#0 C:\xampp\htdocs\shopcart\trunk\vendor\laravel\framework\src\Illuminate\Database\Connectors\Connector.php(55): PDO->__construct('mysql:host=127....', 'root', '', Array)
#1 C:\xampp\htdocs\shopcart\trunk\vendor\laravel\framework\src\Illuminate\Database\Connectors\MySqlConnector.php(24): Illuminate\Database\Connectors\Connector->createConnection('mysql:host=127....', Array, Array)
#2 C:\xampp\htdocs\shopcart\trunk\vendor\laravel\framework\src\Illuminate\Database\Connectors\ConnectionFactory.php(61): Illuminate\Database\Connectors\MySqlConnector->connect(Array)
#3 [internal function]: Illuminate\Database\Connectors\ConnectionFactory->Illuminate\Database\Connectors\{closure}()
#4 C:\xampp\htdocs\shopcart\trunk\vendor\laravel\framework\src\Illuminate\Database\Connection.php(924): call_user_func(Object(Closure))
#5 C:\xampp\htdocs\shopcart\trunk\vendor\laravel\framework\src\Illuminate\Database\Connection.php(792): Illuminate\Database\Connection->getPdo()
#6 C:\xampp\htdocs\shopcart\trunk\vendor\laravel\framework\src\Illuminate\Database\Connection.php(677): Illuminate\Database\Connection->reconnectIfMissingConnection()
#7 C:\xampp\htdocs\shopcart\trunk\vendor\laravel\framework\src\Illuminate\Database\Connection.php(349): Illuminate\Database\Connection->run('select * from i...', Array, Object(Closure))
#8 C:\xampp\htdocs\shopcart\trunk\vendor\laravel\framework\src\Illuminate\Database\Schema\MySqlBuilder.php(21): Illuminate\Database\Connection->select('select * from i...', Array)
#9 C:\xampp\htdocs\shopcart\trunk\vendor\laravel\framework\src\Illuminate\Database\Migrations\DatabaseMigrationRepository.php(141): Illuminate\Database\Schema\MySqlBuilder->hasTable('migrations')
#10 C:\xampp\htdocs\shopcart\trunk\vendor\laravel\framework\src\Illuminate\Database\Migrations\Migrator.php(404): Illuminate\Database\Migrations\DatabaseMigrationRepository->repositoryExists()
#11 C:\xampp\htdocs\shopcart\trunk\vendor\laravel\framework\src\Illuminate\Database\Console\Migrations\MigrateCommand.php(103): Illuminate\Database\Migrations\Migrator->repositoryExists()
#12 C:\xampp\htdocs\shopcart\trunk\vendor\laravel\framework\src\Illuminate\Database\Console\Migrations\MigrateCommand.php(58): Illuminate\Database\Console\Migrations\MigrateCommand->prepareDatabase()
#13 [internal function]: Illuminate\Database\Console\Migrations\MigrateCommand->fire()
#14 C:\xampp\htdocs\shopcart\trunk\vendor\laravel\framework\src\Illuminate\Container\Container.php(507): call_user_func_array(Array, Array)
#15 C:\xampp\htdocs\shopcart\trunk\vendor\laravel\framework\src\Illuminate\Console\Command.php(169): Illuminate\Container\Container->call(Array)
#16 C:\xampp\htdocs\shopcart\trunk\vendor\symfony\console\Command\Command.php(256): Illuminate\Console\Command->execute(Object(Symfony\Component\Console\Input\ArgvInput), Object(Symfony\Component\Console\Output\ConsoleOutput))
#17 C:\xampp\htdocs\shopcart\trunk\vendor\laravel\framework\src\Illuminate\Console\Command.php(155): Symfony\Component\Console\Command\Command->run(Object(Symfony\Component\Console\Input\ArgvInput), Object(Symfony\Component\Console\Output\ConsoleOutput))
#18 C:\xampp\htdocs\shopcart\trunk\vendor\symfony\console\Application.php(794): Illuminate\Console\Command->run(Object(Symfony\Component\Console\Input\ArgvInput), Object(Symfony\Component\Console\Output\ConsoleOutput))
#19 C:\xampp\htdocs\shopcart\trunk\vendor\symfony\console\Application.php(186): Symfony\Component\Console\Application->doRunCommand(Object(Illuminate\Database\Console\Migrations\MigrateCommand), Object(Symfony\Component\Console\Input\ArgvInput), Object(Symfony\Component\Console\Output\ConsoleOutput))
#20 C:\xampp\htdocs\shopcart\trunk\vendor\symfony\console\Application.php(117): Symfony\Component\Console\Application->doRun(Object(Symfony\Component\Console\Input\ArgvInput), Object(Symfony\Component\Console\Output\ConsoleOutput))
#21 C:\xampp\htdocs\shopcart\trunk\vendor\laravel\framework\src\Illuminate\Foundation\Console\Kernel.php(107): Symfony\Component\Console\Application->run(Object(Symfony\Component\Console\Input\ArgvInput), Object(Symfony\Component\Console\Output\ConsoleOutput))
#22 C:\xampp\htdocs\shopcart\trunk\artisan(36): Illuminate\Foundation\Console\Kernel->handle(Object(Symfony\Component\Console\Input\ArgvInput), Object(Symfony\Component\Console\Output\ConsoleOutput))
#23 {main}  
[2016-08-19 03:38:54] local.ERROR: exception 'Symfony\Component\Debug\Exception\FatalErrorException' with message 'Class 'App\Product' not found' in C:\xampp\htdocs\shopcart\trunk\database\seeds\ProductTableSeeder.php:15
Stack trace:
#0 {main}  
[2016-08-19 03:40:43] local.ERROR: exception 'Symfony\Component\Debug\Exception\FatalErrorException' with message 'Class 'App\Product' not found' in C:\xampp\htdocs\shopcart\trunk\database\seeds\ProductTableSeeder.php:16
Stack trace:
#0 {main}  
[2016-08-19 03:49:01] local.ERROR: exception 'PDOException' with message 'SQLSTATE[23000]: Integrity constraint violation: 1452 Cannot add or update a child row: a foreign key constraint fails (`shopcart`.`products`, CONSTRAINT `products_categories_id_foreign` FOREIGN KEY (`categories_id`) REFERENCES `categories` (`id`))' in C:\xampp\htdocs\shopcart\trunk\vendor\laravel\framework\src\Illuminate\Database\Connection.php:457
Stack trace:
#0 C:\xampp\htdocs\shopcart\trunk\vendor\laravel\framework\src\Illuminate\Database\Connection.php(457): PDOStatement->execute(Array)
#1 C:\xampp\htdocs\shopcart\trunk\vendor\laravel\framework\src\Illuminate\Database\Connection.php(722): Illuminate\Database\Connection->Illuminate\Database\{closure}(Object(Illuminate\Database\MySqlConnection), 'insert into `pr...', Array)
#2 C:\xampp\htdocs\shopcart\trunk\vendor\laravel\framework\src\Illuminate\Database\Connection.php(685): Illuminate\Database\Connection->runQueryCallback('insert into `pr...', Array, Object(Closure))
#3 C:\xampp\htdocs\shopcart\trunk\vendor\laravel\framework\src\Illuminate\Database\Connection.php(458): Illuminate\Database\Connection->run('insert into `pr...', Array, Object(Closure))
#4 C:\xampp\htdocs\shopcart\trunk\vendor\laravel\framework\src\Illuminate\Database\Connection.php(414): Illuminate\Database\Connection->statement('insert into `pr...', Array)
#5 C:\xampp\htdocs\shopcart\trunk\vendor\laravel\framework\src\Illuminate\Database\Query\Processors\Processor.php(32): Illuminate\Database\Connection->insert('insert into `pr...', Array)
#6 C:\xampp\htdocs\shopcart\trunk\vendor\laravel\framework\src\Illuminate\Database\Query\Builder.php(2082): Illuminate\Database\Query\Processors\Processor->processInsertGetId(Object(Illuminate\Database\Query\Builder), 'insert into `pr...', Array, 'id')
#7 [internal function]: Illuminate\Database\Query\Builder->insertGetId(Array, 'id')
#8 C:\xampp\htdocs\shopcart\trunk\vendor\laravel\framework\src\Illuminate\Database\Eloquent\Builder.php(1423): call_user_func_array(Array, Array)
#9 C:\xampp\htdocs\shopcart\trunk\vendor\laravel\framework\src\Illuminate\Database\Eloquent\Model.php(1628): Illuminate\Database\Eloquent\Builder->__call('insertGetId', Array)
#10 C:\xampp\htdocs\shopcart\trunk\vendor\laravel\framework\src\Illuminate\Database\Eloquent\Model.php(1628): Illuminate\Database\Eloquent\Builder->insertGetId(Array, 'id')
#11 C:\xampp\htdocs\shopcart\trunk\vendor\laravel\framework\src\Illuminate\Database\Eloquent\Model.php(1597): Illuminate\Database\Eloquent\Model->insertAndSetId(Object(Illuminate\Database\Eloquent\Builder), Array)
#12 C:\xampp\htdocs\shopcart\trunk\vendor\laravel\framework\src\Illuminate\Database\Eloquent\Model.php(1488): Illuminate\Database\Eloquent\Model->performInsert(Object(Illuminate\Database\Eloquent\Builder), Array)
#13 C:\xampp\htdocs\shopcart\trunk\database\seeds\ProductTableSeeder.php(26): Illuminate\Database\Eloquent\Model->save()
#14 C:\xampp\htdocs\shopcart\trunk\vendor\laravel\framework\src\Illuminate\Database\Seeder.php(39): ProductTableSeeder->run()
#15 C:\xampp\htdocs\shopcart\trunk\database\seeds\DatabaseSeeder.php(14): Illuminate\Database\Seeder->call('ProductTableSee...')
#16 C:\xampp\htdocs\shopcart\trunk\vendor\laravel\framework\src\Illuminate\Database\Console\Seeds\SeedCommand.php(63): DatabaseSeeder->run()
#17 C:\xampp\htdocs\shopcart\trunk\vendor\laravel\framework\src\Illuminate\Database\Eloquent\Model.php(2312): Illuminate\Database\Console\Seeds\SeedCommand->Illuminate\Database\Console\Seeds\{closure}()
#18 C:\xampp\htdocs\shopcart\trunk\vendor\laravel\framework\src\Illuminate\Database\Console\Seeds\SeedCommand.php(64): Illuminate\Database\Eloquent\Model::unguarded(Object(Closure))
#19 [internal function]: Illuminate\Database\Console\Seeds\SeedCommand->fire()
#20 C:\xampp\htdocs\shopcart\trunk\vendor\laravel\framework\src\Illuminate\Container\Container.php(507): call_user_func_array(Array, Array)
#21 C:\xampp\htdocs\shopcart\trunk\vendor\laravel\framework\src\Illuminate\Console\Command.php(169): Illuminate\Container\Container->call(Array)
#22 C:\xampp\htdocs\shopcart\trunk\vendor\symfony\console\Command\Command.php(256): Illuminate\Console\Command->execute(Object(Symfony\Component\Console\Input\ArgvInput), Object(Symfony\Component\Console\Output\ConsoleOutput))
#23 C:\xampp\htdocs\shopcart\trunk\vendor\laravel\framework\src\Illuminate\Console\Command.php(155): Symfony\Component\Console\Command\Command->run(Object(Symfony\Component\Console\Input\ArgvInput), Object(Symfony\Component\Console\Output\ConsoleOutput))
#24 C:\xampp\htdocs\shopcart\trunk\vendor\symfony\console\Application.php(794): Illuminate\Console\Command->run(Object(Symfony\Component\Console\Input\ArgvInput), Object(Symfony\Component\Console\Output\ConsoleOutput))
#25 C:\xampp\htdocs\shopcart\trunk\vendor\symfony\console\Application.php(186): Symfony\Component\Console\Application->doRunCommand(Object(Illuminate\Database\Console\Seeds\SeedCommand), Object(Symfony\Component\Console\Input\ArgvInput), Object(Symfony\Component\Console\Output\ConsoleOutput))
#26 C:\xampp\htdocs\shopcart\trunk\vendor\symfony\console\Application.php(117): Symfony\Component\Console\Application->doRun(Object(Symfony\Component\Console\Input\ArgvInput), Object(Symfony\Component\Console\Output\ConsoleOutput))
#27 C:\xampp\htdocs\shopcart\trunk\vendor\laravel\framework\src\Illuminate\Foundation\Console\Kernel.php(107): Symfony\Component\Console\Application->run(Object(Symfony\Component\Console\Input\ArgvInput), Object(Symfony\Component\Console\Output\ConsoleOutput))
#28 C:\xampp\htdocs\shopcart\trunk\artisan(36): Illuminate\Foundation\Console\Kernel->handle(Object(Symfony\Component\Console\Input\ArgvInput), Object(Symfony\Component\Console\Output\ConsoleOutput))
#29 {main}

Next exception 'Illuminate\Database\QueryException' with message 'SQLSTATE[23000]: Integrity constraint violation: 1452 Cannot add or update a child row: a foreign key constraint fails (`shopcart`.`products`, CONSTRAINT `products_categories_id_foreign` FOREIGN KEY (`categories_id`) REFERENCES `categories` (`id`)) (SQL: insert into `products` (`sku`, `title`, `description`, `imagepath`, `price`, `quantity`, `status`, `categories_id`, `brand_id`, `updated_at`, `created_at`) values (MM101, Product 1, Lorem Ipsum is simply dummy text of the printing and pesetting industry. Lorem Ipsum has been the industrys standard dummy text ever since the 1500s, when an unknown printer took a galley of type and scrambled it to make a type specimen book., MM101.jpg, 11.5, 100, 1, 0, 0, 2016-08-19 03:49:00, 2016-08-19 03:49:00))' in C:\xampp\htdocs\shopcart\trunk\vendor\laravel\framework\src\Illuminate\Database\Connection.php:729
Stack trace:
#0 C:\xampp\htdocs\shopcart\trunk\vendor\laravel\framework\src\Illuminate\Database\Connection.php(685): Illuminate\Database\Connection->runQueryCallback('insert into `pr...', Array, Object(Closure))
#1 C:\xampp\htdocs\shopcart\trunk\vendor\laravel\framework\src\Illuminate\Database\Connection.php(458): Illuminate\Database\Connection->run('insert into `pr...', Array, Object(Closure))
#2 C:\xampp\htdocs\shopcart\trunk\vendor\laravel\framework\src\Illuminate\Database\Connection.php(414): Illuminate\Database\Connection->statement('insert into `pr...', Array)
#3 C:\xampp\htdocs\shopcart\trunk\vendor\laravel\framework\src\Illuminate\Database\Query\Processors\Processor.php(32): Illuminate\Database\Connection->insert('insert into `pr...', Array)
#4 C:\xampp\htdocs\shopcart\trunk\vendor\laravel\framework\src\Illuminate\Database\Query\Builder.php(2082): Illuminate\Database\Query\Processors\Processor->processInsertGetId(Object(Illuminate\Database\Query\Builder), 'insert into `pr...', Array, 'id')
#5 [internal function]: Illuminate\Database\Query\Builder->insertGetId(Array, 'id')
#6 C:\xampp\htdocs\shopcart\trunk\vendor\laravel\framework\src\Illuminate\Database\Eloquent\Builder.php(1423): call_user_func_array(Array, Array)
#7 C:\xampp\htdocs\shopcart\trunk\vendor\laravel\framework\src\Illuminate\Database\Eloquent\Model.php(1628): Illuminate\Database\Eloquent\Builder->__call('insertGetId', Array)
#8 C:\xampp\htdocs\shopcart\trunk\vendor\laravel\framework\src\Illuminate\Database\Eloquent\Model.php(1628): Illuminate\Database\Eloquent\Builder->insertGetId(Array, 'id')
#9 C:\xampp\htdocs\shopcart\trunk\vendor\laravel\framework\src\Illuminate\Database\Eloquent\Model.php(1597): Illuminate\Database\Eloquent\Model->insertAndSetId(Object(Illuminate\Database\Eloquent\Builder), Array)
#10 C:\xampp\htdocs\shopcart\trunk\vendor\laravel\framework\src\Illuminate\Database\Eloquent\Model.php(1488): Illuminate\Database\Eloquent\Model->performInsert(Object(Illuminate\Database\Eloquent\Builder), Array)
#11 C:\xampp\htdocs\shopcart\trunk\database\seeds\ProductTableSeeder.php(26): Illuminate\Database\Eloquent\Model->save()
#12 C:\xampp\htdocs\shopcart\trunk\vendor\laravel\framework\src\Illuminate\Database\Seeder.php(39): ProductTableSeeder->run()
#13 C:\xampp\htdocs\shopcart\trunk\database\seeds\DatabaseSeeder.php(14): Illuminate\Database\Seeder->call('ProductTableSee...')
#14 C:\xampp\htdocs\shopcart\trunk\vendor\laravel\framework\src\Illuminate\Database\Console\Seeds\SeedCommand.php(63): DatabaseSeeder->run()
#15 C:\xampp\htdocs\shopcart\trunk\vendor\laravel\framework\src\Illuminate\Database\Eloquent\Model.php(2312): Illuminate\Database\Console\Seeds\SeedCommand->Illuminate\Database\Console\Seeds\{closure}()
#16 C:\xampp\htdocs\shopcart\trunk\vendor\laravel\framework\src\Illuminate\Database\Console\Seeds\SeedCommand.php(64): Illuminate\Database\Eloquent\Model::unguarded(Object(Closure))
#17 [internal function]: Illuminate\Database\Console\Seeds\SeedCommand->fire()
#18 C:\xampp\htdocs\shopcart\trunk\vendor\laravel\framework\src\Illuminate\Container\Container.php(507): call_user_func_array(Array, Array)
#19 C:\xampp\htdocs\shopcart\trunk\vendor\laravel\framework\src\Illuminate\Console\Command.php(169): Illuminate\Container\Container->call(Array)
#20 C:\xampp\htdocs\shopcart\trunk\vendor\symfony\console\Command\Command.php(256): Illuminate\Console\Command->execute(Object(Symfony\Component\Console\Input\ArgvInput), Object(Symfony\Component\Console\Output\ConsoleOutput))
#21 C:\xampp\htdocs\shopcart\trunk\vendor\laravel\framework\src\Illuminate\Console\Command.php(155): Symfony\Component\Console\Command\Command->run(Object(Symfony\Component\Console\Input\ArgvInput), Object(Symfony\Component\Console\Output\ConsoleOutput))
#22 C:\xampp\htdocs\shopcart\trunk\vendor\symfony\console\Application.php(794): Illuminate\Console\Command->run(Object(Symfony\Component\Console\Input\ArgvInput), Object(Symfony\Component\Console\Output\ConsoleOutput))
#23 C:\xampp\htdocs\shopcart\trunk\vendor\symfony\console\Application.php(186): Symfony\Component\Console\Application->doRunCommand(Object(Illuminate\Database\Console\Seeds\SeedCommand), Object(Symfony\Component\Console\Input\ArgvInput), Object(Symfony\Component\Console\Output\ConsoleOutput))
#24 C:\xampp\htdocs\shopcart\trunk\vendor\symfony\console\Application.php(117): Symfony\Component\Console\Application->doRun(Object(Symfony\Component\Console\Input\ArgvInput), Object(Symfony\Component\Console\Output\ConsoleOutput))
#25 C:\xampp\htdocs\shopcart\trunk\vendor\laravel\framework\src\Illuminate\Foundation\Console\Kernel.php(107): Symfony\Component\Console\Application->run(Object(Symfony\Component\Console\Input\ArgvInput), Object(Symfony\Component\Console\Output\ConsoleOutput))
#26 C:\xampp\htdocs\shopcart\trunk\artisan(36): Illuminate\Foundation\Console\Kernel->handle(Object(Symfony\Component\Console\Input\ArgvInput), Object(Symfony\Component\Console\Output\ConsoleOutput))
#27 {main}  
[2016-08-19 03:51:11] local.ERROR: exception 'PDOException' with message 'SQLSTATE[23000]: Integrity constraint violation: 1452 Cannot add or update a child row: a foreign key constraint fails (`shopcart`.`products`, CONSTRAINT `products_categories_id_foreign` FOREIGN KEY (`categories_id`) REFERENCES `categories` (`id`))' in C:\xampp\htdocs\shopcart\trunk\vendor\laravel\framework\src\Illuminate\Database\Connection.php:457
Stack trace:
#0 C:\xampp\htdocs\shopcart\trunk\vendor\laravel\framework\src\Illuminate\Database\Connection.php(457): PDOStatement->execute(Array)
#1 C:\xampp\htdocs\shopcart\trunk\vendor\laravel\framework\src\Illuminate\Database\Connection.php(722): Illuminate\Database\Connection->Illuminate\Database\{closure}(Object(Illuminate\Database\MySqlConnection), 'insert into `pr...', Array)
#2 C:\xampp\htdocs\shopcart\trunk\vendor\laravel\framework\src\Illuminate\Database\Connection.php(685): Illuminate\Database\Connection->runQueryCallback('insert into `pr...', Array, Object(Closure))
#3 C:\xampp\htdocs\shopcart\trunk\vendor\laravel\framework\src\Illuminate\Database\Connection.php(458): Illuminate\Database\Connection->run('insert into `pr...', Array, Object(Closure))
#4 C:\xampp\htdocs\shopcart\trunk\vendor\laravel\framework\src\Illuminate\Database\Connection.php(414): Illuminate\Database\Connection->statement('insert into `pr...', Array)
#5 C:\xampp\htdocs\shopcart\trunk\vendor\laravel\framework\src\Illuminate\Database\Query\Processors\Processor.php(32): Illuminate\Database\Connection->insert('insert into `pr...', Array)
#6 C:\xampp\htdocs\shopcart\trunk\vendor\laravel\framework\src\Illuminate\Database\Query\Builder.php(2082): Illuminate\Database\Query\Processors\Processor->processInsertGetId(Object(Illuminate\Database\Query\Builder), 'insert into `pr...', Array, 'id')
#7 [internal function]: Illuminate\Database\Query\Builder->insertGetId(Array, 'id')
#8 C:\xampp\htdocs\shopcart\trunk\vendor\laravel\framework\src\Illuminate\Database\Eloquent\Builder.php(1423): call_user_func_array(Array, Array)
#9 C:\xampp\htdocs\shopcart\trunk\vendor\laravel\framework\src\Illuminate\Database\Eloquent\Model.php(1628): Illuminate\Database\Eloquent\Builder->__call('insertGetId', Array)
#10 C:\xampp\htdocs\shopcart\trunk\vendor\laravel\framework\src\Illuminate\Database\Eloquent\Model.php(1628): Illuminate\Database\Eloquent\Builder->insertGetId(Array, 'id')
#11 C:\xampp\htdocs\shopcart\trunk\vendor\laravel\framework\src\Illuminate\Database\Eloquent\Model.php(1597): Illuminate\Database\Eloquent\Model->insertAndSetId(Object(Illuminate\Database\Eloquent\Builder), Array)
#12 C:\xampp\htdocs\shopcart\trunk\vendor\laravel\framework\src\Illuminate\Database\Eloquent\Model.php(1488): Illuminate\Database\Eloquent\Model->performInsert(Object(Illuminate\Database\Eloquent\Builder), Array)
#13 C:\xampp\htdocs\shopcart\trunk\database\seeds\ProductTableSeeder.php(26): Illuminate\Database\Eloquent\Model->save()
#14 C:\xampp\htdocs\shopcart\trunk\vendor\laravel\framework\src\Illuminate\Database\Seeder.php(39): ProductTableSeeder->run()
#15 C:\xampp\htdocs\shopcart\trunk\database\seeds\DatabaseSeeder.php(14): Illuminate\Database\Seeder->call('ProductTableSee...')
#16 C:\xampp\htdocs\shopcart\trunk\vendor\laravel\framework\src\Illuminate\Database\Console\Seeds\SeedCommand.php(63): DatabaseSeeder->run()
#17 C:\xampp\htdocs\shopcart\trunk\vendor\laravel\framework\src\Illuminate\Database\Eloquent\Model.php(2312): Illuminate\Database\Console\Seeds\SeedCommand->Illuminate\Database\Console\Seeds\{closure}()
#18 C:\xampp\htdocs\shopcart\trunk\vendor\laravel\framework\src\Illuminate\Database\Console\Seeds\SeedCommand.php(64): Illuminate\Database\Eloquent\Model::unguarded(Object(Closure))
#19 [internal function]: Illuminate\Database\Console\Seeds\SeedCommand->fire()
#20 C:\xampp\htdocs\shopcart\trunk\vendor\laravel\framework\src\Illuminate\Container\Container.php(507): call_user_func_array(Array, Array)
#21 C:\xampp\htdocs\shopcart\trunk\vendor\laravel\framework\src\Illuminate\Console\Command.php(169): Illuminate\Container\Container->call(Array)
#22 C:\xampp\htdocs\shopcart\trunk\vendor\symfony\console\Command\Command.php(256): Illuminate\Console\Command->execute(Object(Symfony\Component\Console\Input\ArgvInput), Object(Symfony\Component\Console\Output\ConsoleOutput))
#23 C:\xampp\htdocs\shopcart\trunk\vendor\laravel\framework\src\Illuminate\Console\Command.php(155): Symfony\Component\Console\Command\Command->run(Object(Symfony\Component\Console\Input\ArgvInput), Object(Symfony\Component\Console\Output\ConsoleOutput))
#24 C:\xampp\htdocs\shopcart\trunk\vendor\symfony\console\Application.php(794): Illuminate\Console\Command->run(Object(Symfony\Component\Console\Input\ArgvInput), Object(Symfony\Component\Console\Output\ConsoleOutput))
#25 C:\xampp\htdocs\shopcart\trunk\vendor\symfony\console\Application.php(186): Symfony\Component\Console\Application->doRunCommand(Object(Illuminate\Database\Console\Seeds\SeedCommand), Object(Symfony\Component\Console\Input\ArgvInput), Object(Symfony\Component\Console\Output\ConsoleOutput))
#26 C:\xampp\htdocs\shopcart\trunk\vendor\symfony\console\Application.php(117): Symfony\Component\Console\Application->doRun(Object(Symfony\Component\Console\Input\ArgvInput), Object(Symfony\Component\Console\Output\ConsoleOutput))
#27 C:\xampp\htdocs\shopcart\trunk\vendor\laravel\framework\src\Illuminate\Foundation\Console\Kernel.php(107): Symfony\Component\Console\Application->run(Object(Symfony\Component\Console\Input\ArgvInput), Object(Symfony\Component\Console\Output\ConsoleOutput))
#28 C:\xampp\htdocs\shopcart\trunk\artisan(36): Illuminate\Foundation\Console\Kernel->handle(Object(Symfony\Component\Console\Input\ArgvInput), Object(Symfony\Component\Console\Output\ConsoleOutput))
#29 {main}

Next exception 'Illuminate\Database\QueryException' with message 'SQLSTATE[23000]: Integrity constraint violation: 1452 Cannot add or update a child row: a foreign key constraint fails (`shopcart`.`products`, CONSTRAINT `products_categories_id_foreign` FOREIGN KEY (`categories_id`) REFERENCES `categories` (`id`)) (SQL: insert into `products` (`sku`, `title`, `description`, `imagepath`, `price`, `quantity`, `status`, `categories_id`, `brand_id`, `updated_at`, `created_at`) values (MM101, Product 1, Lorem Ipsum is simply dummy text of the printing and pesetting industry. Lorem Ipsum has been the industrys standard dummy text ever since the 1500s, when an unknown printer took a galley of type and scrambled it to make a type specimen book., MM101.jpg, 11.5, 100, 1, 0, 0, 2016-08-19 03:51:11, 2016-08-19 03:51:11))' in C:\xampp\htdocs\shopcart\trunk\vendor\laravel\framework\src\Illuminate\Database\Connection.php:729
Stack trace:
#0 C:\xampp\htdocs\shopcart\trunk\vendor\laravel\framework\src\Illuminate\Database\Connection.php(685): Illuminate\Database\Connection->runQueryCallback('insert into `pr...', Array, Object(Closure))
#1 C:\xampp\htdocs\shopcart\trunk\vendor\laravel\framework\src\Illuminate\Database\Connection.php(458): Illuminate\Database\Connection->run('insert into `pr...', Array, Object(Closure))
#2 C:\xampp\htdocs\shopcart\trunk\vendor\laravel\framework\src\Illuminate\Database\Connection.php(414): Illuminate\Database\Connection->statement('insert into `pr...', Array)
#3 C:\xampp\htdocs\shopcart\trunk\vendor\laravel\framework\src\Illuminate\Database\Query\Processors\Processor.php(32): Illuminate\Database\Connection->insert('insert into `pr...', Array)
#4 C:\xampp\htdocs\shopcart\trunk\vendor\laravel\framework\src\Illuminate\Database\Query\Builder.php(2082): Illuminate\Database\Query\Processors\Processor->processInsertGetId(Object(Illuminate\Database\Query\Builder), 'insert into `pr...', Array, 'id')
#5 [internal function]: Illuminate\Database\Query\Builder->insertGetId(Array, 'id')
#6 C:\xampp\htdocs\shopcart\trunk\vendor\laravel\framework\src\Illuminate\Database\Eloquent\Builder.php(1423): call_user_func_array(Array, Array)
#7 C:\xampp\htdocs\shopcart\trunk\vendor\laravel\framework\src\Illuminate\Database\Eloquent\Model.php(1628): Illuminate\Database\Eloquent\Builder->__call('insertGetId', Array)
#8 C:\xampp\htdocs\shopcart\trunk\vendor\laravel\framework\src\Illuminate\Database\Eloquent\Model.php(1628): Illuminate\Database\Eloquent\Builder->insertGetId(Array, 'id')
#9 C:\xampp\htdocs\shopcart\trunk\vendor\laravel\framework\src\Illuminate\Database\Eloquent\Model.php(1597): Illuminate\Database\Eloquent\Model->insertAndSetId(Object(Illuminate\Database\Eloquent\Builder), Array)
#10 C:\xampp\htdocs\shopcart\trunk\vendor\laravel\framework\src\Illuminate\Database\Eloquent\Model.php(1488): Illuminate\Database\Eloquent\Model->performInsert(Object(Illuminate\Database\Eloquent\Builder), Array)
#11 C:\xampp\htdocs\shopcart\trunk\database\seeds\ProductTableSeeder.php(26): Illuminate\Database\Eloquent\Model->save()
#12 C:\xampp\htdocs\shopcart\trunk\vendor\laravel\framework\src\Illuminate\Database\Seeder.php(39): ProductTableSeeder->run()
#13 C:\xampp\htdocs\shopcart\trunk\database\seeds\DatabaseSeeder.php(14): Illuminate\Database\Seeder->call('ProductTableSee...')
#14 C:\xampp\htdocs\shopcart\trunk\vendor\laravel\framework\src\Illuminate\Database\Console\Seeds\SeedCommand.php(63): DatabaseSeeder->run()
#15 C:\xampp\htdocs\shopcart\trunk\vendor\laravel\framework\src\Illuminate\Database\Eloquent\Model.php(2312): Illuminate\Database\Console\Seeds\SeedCommand->Illuminate\Database\Console\Seeds\{closure}()
#16 C:\xampp\htdocs\shopcart\trunk\vendor\laravel\framework\src\Illuminate\Database\Console\Seeds\SeedCommand.php(64): Illuminate\Database\Eloquent\Model::unguarded(Object(Closure))
#17 [internal function]: Illuminate\Database\Console\Seeds\SeedCommand->fire()
#18 C:\xampp\htdocs\shopcart\trunk\vendor\laravel\framework\src\Illuminate\Container\Container.php(507): call_user_func_array(Array, Array)
#19 C:\xampp\htdocs\shopcart\trunk\vendor\laravel\framework\src\Illuminate\Console\Command.php(169): Illuminate\Container\Container->call(Array)
#20 C:\xampp\htdocs\shopcart\trunk\vendor\symfony\console\Command\Command.php(256): Illuminate\Console\Command->execute(Object(Symfony\Component\Console\Input\ArgvInput), Object(Symfony\Component\Console\Output\ConsoleOutput))
#21 C:\xampp\htdocs\shopcart\trunk\vendor\laravel\framework\src\Illuminate\Console\Command.php(155): Symfony\Component\Console\Command\Command->run(Object(Symfony\Component\Console\Input\ArgvInput), Object(Symfony\Component\Console\Output\ConsoleOutput))
#22 C:\xampp\htdocs\shopcart\trunk\vendor\symfony\console\Application.php(794): Illuminate\Console\Command->run(Object(Symfony\Component\Console\Input\ArgvInput), Object(Symfony\Component\Console\Output\ConsoleOutput))
#23 C:\xampp\htdocs\shopcart\trunk\vendor\symfony\console\Application.php(186): Symfony\Component\Console\Application->doRunCommand(Object(Illuminate\Database\Console\Seeds\SeedCommand), Object(Symfony\Component\Console\Input\ArgvInput), Object(Symfony\Component\Console\Output\ConsoleOutput))
#24 C:\xampp\htdocs\shopcart\trunk\vendor\symfony\console\Application.php(117): Symfony\Component\Console\Application->doRun(Object(Symfony\Component\Console\Input\ArgvInput), Object(Symfony\Component\Console\Output\ConsoleOutput))
#25 C:\xampp\htdocs\shopcart\trunk\vendor\laravel\framework\src\Illuminate\Foundation\Console\Kernel.php(107): Symfony\Component\Console\Application->run(Object(Symfony\Component\Console\Input\ArgvInput), Object(Symfony\Component\Console\Output\ConsoleOutput))
#26 C:\xampp\htdocs\shopcart\trunk\artisan(36): Illuminate\Foundation\Console\Kernel->handle(Object(Symfony\Component\Console\Input\ArgvInput), Object(Symfony\Component\Console\Output\ConsoleOutput))
#27 {main}  
[2016-08-19 04:03:22] local.ERROR: exception 'PDOException' with message 'SQLSTATE[23000]: Integrity constraint violation: 1452 Cannot add or update a child row: a foreign key constraint fails (`shopcart`.`products`, CONSTRAINT `products_categories_id_foreign` FOREIGN KEY (`categories_id`) REFERENCES `categories` (`id`))' in C:\xampp\htdocs\shopcart\trunk\vendor\laravel\framework\src\Illuminate\Database\Connection.php:457
Stack trace:
#0 C:\xampp\htdocs\shopcart\trunk\vendor\laravel\framework\src\Illuminate\Database\Connection.php(457): PDOStatement->execute(Array)
#1 C:\xampp\htdocs\shopcart\trunk\vendor\laravel\framework\src\Illuminate\Database\Connection.php(722): Illuminate\Database\Connection->Illuminate\Database\{closure}(Object(Illuminate\Database\MySqlConnection), 'insert into `pr...', Array)
#2 C:\xampp\htdocs\shopcart\trunk\vendor\laravel\framework\src\Illuminate\Database\Connection.php(685): Illuminate\Database\Connection->runQueryCallback('insert into `pr...', Array, Object(Closure))
#3 C:\xampp\htdocs\shopcart\trunk\vendor\laravel\framework\src\Illuminate\Database\Connection.php(458): Illuminate\Database\Connection->run('insert into `pr...', Array, Object(Closure))
#4 C:\xampp\htdocs\shopcart\trunk\vendor\laravel\framework\src\Illuminate\Database\Connection.php(414): Illuminate\Database\Connection->statement('insert into `pr...', Array)
#5 C:\xampp\htdocs\shopcart\trunk\vendor\laravel\framework\src\Illuminate\Database\Query\Processors\Processor.php(32): Illuminate\Database\Connection->insert('insert into `pr...', Array)
#6 C:\xampp\htdocs\shopcart\trunk\vendor\laravel\framework\src\Illuminate\Database\Query\Builder.php(2082): Illuminate\Database\Query\Processors\Processor->processInsertGetId(Object(Illuminate\Database\Query\Builder), 'insert into `pr...', Array, 'id')
#7 [internal function]: Illuminate\Database\Query\Builder->insertGetId(Array, 'id')
#8 C:\xampp\htdocs\shopcart\trunk\vendor\laravel\framework\src\Illuminate\Database\Eloquent\Builder.php(1423): call_user_func_array(Array, Array)
#9 C:\xampp\htdocs\shopcart\trunk\vendor\laravel\framework\src\Illuminate\Database\Eloquent\Model.php(1628): Illuminate\Database\Eloquent\Builder->__call('insertGetId', Array)
#10 C:\xampp\htdocs\shopcart\trunk\vendor\laravel\framework\src\Illuminate\Database\Eloquent\Model.php(1628): Illuminate\Database\Eloquent\Builder->insertGetId(Array, 'id')
#11 C:\xampp\htdocs\shopcart\trunk\vendor\laravel\framework\src\Illuminate\Database\Eloquent\Model.php(1597): Illuminate\Database\Eloquent\Model->insertAndSetId(Object(Illuminate\Database\Eloquent\Builder), Array)
#12 C:\xampp\htdocs\shopcart\trunk\vendor\laravel\framework\src\Illuminate\Database\Eloquent\Model.php(1488): Illuminate\Database\Eloquent\Model->performInsert(Object(Illuminate\Database\Eloquent\Builder), Array)
#13 C:\xampp\htdocs\shopcart\trunk\database\seeds\ProductTableSeeder.php(26): Illuminate\Database\Eloquent\Model->save()
#14 C:\xampp\htdocs\shopcart\trunk\vendor\laravel\framework\src\Illuminate\Database\Seeder.php(39): ProductTableSeeder->run()
#15 C:\xampp\htdocs\shopcart\trunk\database\seeds\DatabaseSeeder.php(14): Illuminate\Database\Seeder->call('ProductTableSee...')
#16 C:\xampp\htdocs\shopcart\trunk\vendor\laravel\framework\src\Illuminate\Database\Console\Seeds\SeedCommand.php(63): DatabaseSeeder->run()
#17 C:\xampp\htdocs\shopcart\trunk\vendor\laravel\framework\src\Illuminate\Database\Eloquent\Model.php(2312): Illuminate\Database\Console\Seeds\SeedCommand->Illuminate\Database\Console\Seeds\{closure}()
#18 C:\xampp\htdocs\shopcart\trunk\vendor\laravel\framework\src\Illuminate\Database\Console\Seeds\SeedCommand.php(64): Illuminate\Database\Eloquent\Model::unguarded(Object(Closure))
#19 [internal function]: Illuminate\Database\Console\Seeds\SeedCommand->fire()
#20 C:\xampp\htdocs\shopcart\trunk\vendor\laravel\framework\src\Illuminate\Container\Container.php(507): call_user_func_array(Array, Array)
#21 C:\xampp\htdocs\shopcart\trunk\vendor\laravel\framework\src\Illuminate\Console\Command.php(169): Illuminate\Container\Container->call(Array)
#22 C:\xampp\htdocs\shopcart\trunk\vendor\symfony\console\Command\Command.php(256): Illuminate\Console\Command->execute(Object(Symfony\Component\Console\Input\ArgvInput), Object(Symfony\Component\Console\Output\ConsoleOutput))
#23 C:\xampp\htdocs\shopcart\trunk\vendor\laravel\framework\src\Illuminate\Console\Command.php(155): Symfony\Component\Console\Command\Command->run(Object(Symfony\Component\Console\Input\ArgvInput), Object(Symfony\Component\Console\Output\ConsoleOutput))
#24 C:\xampp\htdocs\shopcart\trunk\vendor\symfony\console\Application.php(794): Illuminate\Console\Command->run(Object(Symfony\Component\Console\Input\ArgvInput), Object(Symfony\Component\Console\Output\ConsoleOutput))
#25 C:\xampp\htdocs\shopcart\trunk\vendor\symfony\console\Application.php(186): Symfony\Component\Console\Application->doRunCommand(Object(Illuminate\Database\Console\Seeds\SeedCommand), Object(Symfony\Component\Console\Input\ArgvInput), Object(Symfony\Component\Console\Output\ConsoleOutput))
#26 C:\xampp\htdocs\shopcart\trunk\vendor\symfony\console\Application.php(117): Symfony\Component\Console\Application->doRun(Object(Symfony\Component\Console\Input\ArgvInput), Object(Symfony\Component\Console\Output\ConsoleOutput))
#27 C:\xampp\htdocs\shopcart\trunk\vendor\laravel\framework\src\Illuminate\Foundation\Console\Kernel.php(107): Symfony\Component\Console\Application->run(Object(Symfony\Component\Console\Input\ArgvInput), Object(Symfony\Component\Console\Output\ConsoleOutput))
#28 C:\xampp\htdocs\shopcart\trunk\artisan(36): Illuminate\Foundation\Console\Kernel->handle(Object(Symfony\Component\Console\Input\ArgvInput), Object(Symfony\Component\Console\Output\ConsoleOutput))
#29 {main}

Next exception 'Illuminate\Database\QueryException' with message 'SQLSTATE[23000]: Integrity constraint violation: 1452 Cannot add or update a child row: a foreign key constraint fails (`shopcart`.`products`, CONSTRAINT `products_categories_id_foreign` FOREIGN KEY (`categories_id`) REFERENCES `categories` (`id`)) (SQL: insert into `products` (`sku`, `title`, `description`, `imagepath`, `price`, `quantity`, `status`, `categories_id`, `brand_id`, `updated_at`, `created_at`) values (MM101, Product 1, Lorem Ipsum is simply dummy text of the printing and pesetting industry. Lorem Ipsum has been the industrys standard dummy text ever since the 1500s, when an unknown printer took a galley of type and scrambled it to make a type specimen book., MM101.jpg, 11.5, 100, 1, 0, 0, 2016-08-19 04:03:22, 2016-08-19 04:03:22))' in C:\xampp\htdocs\shopcart\trunk\vendor\laravel\framework\src\Illuminate\Database\Connection.php:729
Stack trace:
#0 C:\xampp\htdocs\shopcart\trunk\vendor\laravel\framework\src\Illuminate\Database\Connection.php(685): Illuminate\Database\Connection->runQueryCallback('insert into `pr...', Array, Object(Closure))
#1 C:\xampp\htdocs\shopcart\trunk\vendor\laravel\framework\src\Illuminate\Database\Connection.php(458): Illuminate\Database\Connection->run('insert into `pr...', Array, Object(Closure))
#2 C:\xampp\htdocs\shopcart\trunk\vendor\laravel\framework\src\Illuminate\Database\Connection.php(414): Illuminate\Database\Connection->statement('insert into `pr...', Array)
#3 C:\xampp\htdocs\shopcart\trunk\vendor\laravel\framework\src\Illuminate\Database\Query\Processors\Processor.php(32): Illuminate\Database\Connection->insert('insert into `pr...', Array)
#4 C:\xampp\htdocs\shopcart\trunk\vendor\laravel\framework\src\Illuminate\Database\Query\Builder.php(2082): Illuminate\Database\Query\Processors\Processor->processInsertGetId(Object(Illuminate\Database\Query\Builder), 'insert into `pr...', Array, 'id')
#5 [internal function]: Illuminate\Database\Query\Builder->insertGetId(Array, 'id')
#6 C:\xampp\htdocs\shopcart\trunk\vendor\laravel\framework\src\Illuminate\Database\Eloquent\Builder.php(1423): call_user_func_array(Array, Array)
#7 C:\xampp\htdocs\shopcart\trunk\vendor\laravel\framework\src\Illuminate\Database\Eloquent\Model.php(1628): Illuminate\Database\Eloquent\Builder->__call('insertGetId', Array)
#8 C:\xampp\htdocs\shopcart\trunk\vendor\laravel\framework\src\Illuminate\Database\Eloquent\Model.php(1628): Illuminate\Database\Eloquent\Builder->insertGetId(Array, 'id')
#9 C:\xampp\htdocs\shopcart\trunk\vendor\laravel\framework\src\Illuminate\Database\Eloquent\Model.php(1597): Illuminate\Database\Eloquent\Model->insertAndSetId(Object(Illuminate\Database\Eloquent\Builder), Array)
#10 C:\xampp\htdocs\shopcart\trunk\vendor\laravel\framework\src\Illuminate\Database\Eloquent\Model.php(1488): Illuminate\Database\Eloquent\Model->performInsert(Object(Illuminate\Database\Eloquent\Builder), Array)
#11 C:\xampp\htdocs\shopcart\trunk\database\seeds\ProductTableSeeder.php(26): Illuminate\Database\Eloquent\Model->save()
#12 C:\xampp\htdocs\shopcart\trunk\vendor\laravel\framework\src\Illuminate\Database\Seeder.php(39): ProductTableSeeder->run()
#13 C:\xampp\htdocs\shopcart\trunk\database\seeds\DatabaseSeeder.php(14): Illuminate\Database\Seeder->call('ProductTableSee...')
#14 C:\xampp\htdocs\shopcart\trunk\vendor\laravel\framework\src\Illuminate\Database\Console\Seeds\SeedCommand.php(63): DatabaseSeeder->run()
#15 C:\xampp\htdocs\shopcart\trunk\vendor\laravel\framework\src\Illuminate\Database\Eloquent\Model.php(2312): Illuminate\Database\Console\Seeds\SeedCommand->Illuminate\Database\Console\Seeds\{closure}()
#16 C:\xampp\htdocs\shopcart\trunk\vendor\laravel\framework\src\Illuminate\Database\Console\Seeds\SeedCommand.php(64): Illuminate\Database\Eloquent\Model::unguarded(Object(Closure))
#17 [internal function]: Illuminate\Database\Console\Seeds\SeedCommand->fire()
#18 C:\xampp\htdocs\shopcart\trunk\vendor\laravel\framework\src\Illuminate\Container\Container.php(507): call_user_func_array(Array, Array)
#19 C:\xampp\htdocs\shopcart\trunk\vendor\laravel\framework\src\Illuminate\Console\Command.php(169): Illuminate\Container\Container->call(Array)
#20 C:\xampp\htdocs\shopcart\trunk\vendor\symfony\console\Command\Command.php(256): Illuminate\Console\Command->execute(Object(Symfony\Component\Console\Input\ArgvInput), Object(Symfony\Component\Console\Output\ConsoleOutput))
#21 C:\xampp\htdocs\shopcart\trunk\vendor\laravel\framework\src\Illuminate\Console\Command.php(155): Symfony\Component\Console\Command\Command->run(Object(Symfony\Component\Console\Input\ArgvInput), Object(Symfony\Component\Console\Output\ConsoleOutput))
#22 C:\xampp\htdocs\shopcart\trunk\vendor\symfony\console\Application.php(794): Illuminate\Console\Command->run(Object(Symfony\Component\Console\Input\ArgvInput), Object(Symfony\Component\Console\Output\ConsoleOutput))
#23 C:\xampp\htdocs\shopcart\trunk\vendor\symfony\console\Application.php(186): Symfony\Component\Console\Application->doRunCommand(Object(Illuminate\Database\Console\Seeds\SeedCommand), Object(Symfony\Component\Console\Input\ArgvInput), Object(Symfony\Component\Console\Output\ConsoleOutput))
#24 C:\xampp\htdocs\shopcart\trunk\vendor\symfony\console\Application.php(117): Symfony\Component\Console\Application->doRun(Object(Symfony\Component\Console\Input\ArgvInput), Object(Symfony\Component\Console\Output\ConsoleOutput))
#25 C:\xampp\htdocs\shopcart\trunk\vendor\laravel\framework\src\Illuminate\Foundation\Console\Kernel.php(107): Symfony\Component\Console\Application->run(Object(Symfony\Component\Console\Input\ArgvInput), Object(Symfony\Component\Console\Output\ConsoleOutput))
#26 C:\xampp\htdocs\shopcart\trunk\artisan(36): Illuminate\Foundation\Console\Kernel->handle(Object(Symfony\Component\Console\Input\ArgvInput), Object(Symfony\Component\Console\Output\ConsoleOutput))
#27 {main}  
